0 info it worked if it ends with ok
1 verbose cli [ 'C:\\Program Files\\nodejs\\node.exe',
1 verbose cli   'C:\\Program Files\\nodejs\\node_modules\\npm\\bin\\npm-cli.js',
1 verbose cli   'run',
1 verbose cli   'build' ]
2 info using npm@6.4.1
3 info using node@v10.13.0
4 verbose run-script [ 'prebuild', 'build', 'postbuild' ]
5 info lifecycle client@0.1.0~prebuild: client@0.1.0
6 info lifecycle client@0.1.0~build: client@0.1.0
7 verbose lifecycle client@0.1.0~build: unsafe-perm in lifecycle true
8 verbose lifecycle client@0.1.0~build: PATH: C:\Program Files\nodejs\node_modules\npm\node_modules\npm-lifecycle\node-gyp-bin;C:\Users\Derek Mathewson\Documents\Balloon_Project\testdriven-app\services\client\node_modules\.bin;C:\Users\Derek Mathewson\bin;C:\Program Files\Git\mingw64\bin;C:\Program Files\Git\usr\local\bin;C:\Program Files\Git\usr\bin;C:\Program Files\Git\usr\bin;C:\Program Files\Git\mingw64\bin;C:\Program Files\Git\usr\bin;C:\Users\Derek Mathewson\bin;C:\ProgramData\DockerDesktop\version-bin;C:\Program Files\Docker\Docker\Resources\bin;C:\Program Files (x86)\Common Files\Oracle\Java\javapath;C:\WINDOWS\system32;C:\WINDOWS;C:\WINDOWS\System32\Wbem;C:\WINDOWS\System32\WindowsPowerShell\v1.0;C:\WINDOWS\System32\OpenSSH;C:\Program Files\PuTTY;C:\Program Files\nodejs;C:\Users\Derek Mathewson\AppData\Local\Programs\Python\Python37-32\Scripts;C:\Users\Derek Mathewson\AppData\Local\Programs\Python\Python37-32;C:\Program Files\Java\jdk1.8.0_181\bin;C:\Program Files\Apache Software Foundation\apache-maven-3.5.4\bin;C:\Users\Derek Mathewson\AppData\Roaming\np;C:\Program Files\Sublime Text 3";C:\Program Files\Sublime Text 3;C:\Program Files\heroku\bin;C:\Users\Derek Mathewson\AppData\Roaming\npm\node_modules;C:\Users\Derek Mathewson\AppData\Roaming\npm\node_modules;C:\Users\Derek Mathewson\AppData\Roaming\npm;C:\Program Files\Git\usr\bin\vendor_perl;C:\Program Files\Git\usr\bin\core_perl
9 verbose lifecycle client@0.1.0~build: CWD: C:\Users\Derek Mathewson\Documents\Balloon_Project\testdriven-app\services\client
10 silly lifecycle client@0.1.0~build: Args: [ '/d /s /c', 'react-scripts build' ]
11 silly lifecycle client@0.1.0~build: Returned: code: 1  signal: null
12 info lifecycle client@0.1.0~build: Failed to exec build script
13 verbose stack Error: client@0.1.0 build: `react-scripts build`
13 verbose stack Exit status 1
13 verbose stack     at EventEmitter.<anonymous> (C:\Program Files\nodejs\node_modules\npm\node_modules\npm-lifecycle\index.js:301:16)
13 verbose stack     at EventEmitter.emit (events.js:182:13)
13 verbose stack     at ChildProcess.<anonymous> (C:\Program Files\nodejs\node_modules\npm\node_modules\npm-lifecycle\lib\spawn.js:55:14)
13 verbose stack     at ChildProcess.emit (events.js:182:13)
13 verbose stack     at maybeClose (internal/child_process.js:962:16)
13 verbose stack     at Process.ChildProcess._handle.onexit (internal/child_process.js:251:5)
14 verbose pkgid client@0.1.0
15 verbose cwd C:\Users\Derek Mathewson\Documents\Balloon_Project\testdriven-app\services\client
16 verbose Windows_NT 10.0.17134
17 verbose argv "C:\\Program Files\\nodejs\\node.exe" "C:\\Program Files\\nodejs\\node_modules\\npm\\bin\\npm-cli.js" "run" "build"
18 verbose node v10.13.0
19 verbose npm  v6.4.1
20 error code ELIFECYCLE
21 error errno 1
22 error client@0.1.0 build: `react-scripts build`
22 error Exit status 1
23 error Failed at the client@0.1.0 build script.
23 error This is probably not a problem with npm. There is likely additional logging output above.
24 verbose exit [ 1, true ]
